2025-04-12 03:09:07.056  INFO 51764 --- [main] (system) c.e.MyProjectBackendApplicationTests     : Starting MyProjectBackendApplicationTests using Java 17.0.12 with PID 51764 (started by SUYU in C:\Users\SUYU\Desktop\my-project\my-project-backend)
2025-04-12 03:09:07.057  INFO 51764 --- [main] (system) c.e.MyProjectBackendApplicationTests     : The following 1 profile is active: "prod"
2025-04-12 03:09:07.664  INFO 51764 --- [main] (system) .s.d.r.c.RepositoryConfigurationDelegate : Multiple Spring Data modules found, entering strict repository configuration mode
2025-04-12 03:09:07.666  INFO 51764 --- [main] (system) .s.d.r.c.RepositoryConfigurationDelegate : Bootstrapping Spring Data Redis repositories in DEFAULT mode.
2025-04-12 03:09:07.690  INFO 51764 --- [main] (system) .s.d.r.c.RepositoryConfigurationDelegate : Finished Spring Data repository scanning in 8 ms. Found 0 Redis repository interfaces.
2025-04-12 03:09:09.206  INFO 51764 --- [main] (system) r$InitializeUserDetailsManagerConfigurer : Global AuthenticationManager configured with UserDetailsService bean with name accountServiceImpl
2025-04-12 03:09:09.840  INFO 51764 --- [main] (system) o.s.a.r.c.CachingConnectionFactory       : Attempting to connect to: [localhost:5672]
2025-04-12 03:09:09.872  INFO 51764 --- [main] (system) o.s.a.r.c.CachingConnectionFactory       : Created new connection: rabbitConnectionFactory#236fd411:0/SimpleConnection@6987b74e [delegate=amqp://admin@127.0.0.1:5672/, localPort=5587]
2025-04-12 03:09:09.904  INFO 51764 --- [main] (system) c.e.MyProjectBackendApplicationTests     : Started MyProjectBackendApplicationTests in 3.119 seconds (process running for 3.755)
2025-04-12 03:09:10.402  INFO 51764 --- [org.springframework.amqp.rabbit.RabbitListenerEndpointContainer#0-2] (system) o.s.a.r.l.SimpleMessageListenerContainer : Waiting for workers to finish.
2025-04-12 03:09:10.900  INFO 51764 --- [org.springframework.amqp.rabbit.RabbitListenerEndpointContainer#0-2] (system) o.s.a.r.l.SimpleMessageListenerContainer : Successfully waited for workers to finish.
2025-04-12 03:14:53.726  INFO 52816 --- [main] (system) c.e.MyProjectBackendApplicationTests     : Starting MyProjectBackendApplicationTests using Java 17.0.12 with PID 52816 (started by SUYU in C:\Users\SUYU\Desktop\my-project\my-project-backend)
2025-04-12 03:14:53.727  INFO 52816 --- [main] (system) c.e.MyProjectBackendApplicationTests     : The following 1 profile is active: "prod"
2025-04-12 03:14:54.351  INFO 52816 --- [main] (system) .s.d.r.c.RepositoryConfigurationDelegate : Multiple Spring Data modules found, entering strict repository configuration mode
2025-04-12 03:14:54.353  INFO 52816 --- [main] (system) .s.d.r.c.RepositoryConfigurationDelegate : Bootstrapping Spring Data Redis repositories in DEFAULT mode.
2025-04-12 03:14:54.380  INFO 52816 --- [main] (system) .s.d.r.c.RepositoryConfigurationDelegate : Finished Spring Data repository scanning in 12 ms. Found 0 Redis repository interfaces.
2025-04-12 03:14:55.673  INFO 52816 --- [main] (system) r$InitializeUserDetailsManagerConfigurer : Global AuthenticationManager configured with UserDetailsService bean with name accountServiceImpl
2025-04-12 03:14:56.322  INFO 52816 --- [main] (system) o.s.a.r.c.CachingConnectionFactory       : Attempting to connect to: [localhost:5672]
2025-04-12 03:14:56.376  INFO 52816 --- [main] (system) o.s.a.r.c.CachingConnectionFactory       : Created new connection: rabbitConnectionFactory#4f541e67:0/SimpleConnection@25a52a60 [delegate=amqp://admin@127.0.0.1:5672/, localPort=7409]
2025-04-12 03:14:56.423  INFO 52816 --- [main] (system) c.e.MyProjectBackendApplicationTests     : Started MyProjectBackendApplicationTests in 2.979 seconds (process running for 3.682)
2025-04-12 03:14:56.946  INFO 52816 --- [org.springframework.amqp.rabbit.RabbitListenerEndpointContainer#0-2] (system) o.s.a.r.l.SimpleMessageListenerContainer : Waiting for workers to finish.
2025-04-12 03:14:57.418  INFO 52816 --- [org.springframework.amqp.rabbit.RabbitListenerEndpointContainer#0-2] (system) o.s.a.r.l.SimpleMessageListenerContainer : Successfully waited for workers to finish.
2025-04-12 03:54:37.139  INFO 57168 --- [main] (system) c.e.MyProjectBackendApplicationTests     : Starting MyProjectBackendApplicationTests using Java 17.0.12 with PID 57168 (started by SUYU in C:\Users\SUYU\Desktop\my-project\my-project-backend)
2025-04-12 03:54:37.140  INFO 57168 --- [main] (system) c.e.MyProjectBackendApplicationTests     : The following 1 profile is active: "prod"
2025-04-12 03:54:37.728  INFO 57168 --- [main] (system) .s.d.r.c.RepositoryConfigurationDelegate : Multiple Spring Data modules found, entering strict repository configuration mode
2025-04-12 03:54:37.730  INFO 57168 --- [main] (system) .s.d.r.c.RepositoryConfigurationDelegate : Bootstrapping Spring Data Redis repositories in DEFAULT mode.
2025-04-12 03:54:37.754  INFO 57168 --- [main] (system) .s.d.r.c.RepositoryConfigurationDelegate : Finished Spring Data repository scanning in 9 ms. Found 0 Redis repository interfaces.
2025-04-12 03:54:39.014  INFO 57168 --- [main] (system) r$InitializeUserDetailsManagerConfigurer : Global AuthenticationManager configured with UserDetailsService bean with name accountServiceImpl
2025-04-12 03:54:39.644  INFO 57168 --- [main] (system) o.s.a.r.c.CachingConnectionFactory       : Attempting to connect to: [localhost:5672]
2025-04-12 03:54:39.702  INFO 57168 --- [main] (system) o.s.a.r.c.CachingConnectionFactory       : Created new connection: rabbitConnectionFactory#319aa9ee:0/SimpleConnection@716eae1 [delegate=amqp://admin@127.0.0.1:5672/, localPort=6271]
2025-04-12 03:54:39.741  INFO 57168 --- [main] (system) c.e.MyProjectBackendApplicationTests     : Started MyProjectBackendApplicationTests in 2.867 seconds (process running for 3.564)
2025-04-12 03:54:40.257  INFO 57168 --- [org.springframework.amqp.rabbit.RabbitListenerEndpointContainer#0-2] (system) o.s.a.r.l.SimpleMessageListenerContainer : Waiting for workers to finish.
2025-04-12 03:54:40.735  INFO 57168 --- [org.springframework.amqp.rabbit.RabbitListenerEndpointContainer#0-2] (system) o.s.a.r.l.SimpleMessageListenerContainer : Successfully waited for workers to finish.
2025-04-12 04:49:08.257  INFO 71992 --- [main] (system) c.e.MyProjectBackendApplicationTests     : Starting MyProjectBackendApplicationTests using Java 17.0.12 with PID 71992 (started by SUYU in C:\Users\SUYU\Desktop\my-project\my-project-backend)
2025-04-12 04:49:08.259  INFO 71992 --- [main] (system) c.e.MyProjectBackendApplicationTests     : The following 1 profile is active: "prod"
2025-04-12 04:49:08.886  INFO 71992 --- [main] (system) .s.d.r.c.RepositoryConfigurationDelegate : Multiple Spring Data modules found, entering strict repository configuration mode
2025-04-12 04:49:08.889  INFO 71992 --- [main] (system) .s.d.r.c.RepositoryConfigurationDelegate : Bootstrapping Spring Data Redis repositories in DEFAULT mode.
2025-04-12 04:49:08.915  INFO 71992 --- [main] (system) .s.d.r.c.RepositoryConfigurationDelegate : Finished Spring Data repository scanning in 10 ms. Found 0 Redis repository interfaces.
2025-04-12 04:49:10.259  INFO 71992 --- [main] (system) r$InitializeUserDetailsManagerConfigurer : Global AuthenticationManager configured with UserDetailsService bean with name accountServiceImpl
2025-04-12 04:49:10.871  INFO 71992 --- [main] (system) o.s.a.r.c.CachingConnectionFactory       : Attempting to connect to: [localhost:5672]
2025-04-12 04:49:10.923  INFO 71992 --- [main] (system) o.s.a.r.c.CachingConnectionFactory       : Created new connection: rabbitConnectionFactory#8549c5f:0/SimpleConnection@63537871 [delegate=amqp://admin@127.0.0.1:5672/, localPort=3454]
2025-04-12 04:49:10.981  INFO 71992 --- [main] (system) c.e.MyProjectBackendApplicationTests     : Started MyProjectBackendApplicationTests in 3.011 seconds (process running for 3.778)
2025-04-12 04:49:11.533  INFO 71992 --- [org.springframework.amqp.rabbit.RabbitListenerEndpointContainer#0-2] (system) o.s.a.r.l.SimpleMessageListenerContainer : Waiting for workers to finish.
2025-04-12 04:49:11.976  INFO 71992 --- [org.springframework.amqp.rabbit.RabbitListenerEndpointContainer#0-2] (system) o.s.a.r.l.SimpleMessageListenerContainer : Successfully waited for workers to finish.
